2023-02-09 14:30:25,495 INFO o.a.j.u.JMeterUtils: Setting Locale to en_EN
2023-02-09 14:30:25,522 INFO o.a.j.JMeter: Loading user properties from: user.properties
2023-02-09 14:30:25,528 INFO o.a.j.JMeter: Loading system properties from: system.properties
2023-02-09 14:30:25,537 INFO o.a.j.JMeter: Copyright (c) 1998-2022 The Apache Software Foundation
2023-02-09 14:30:25,537 INFO o.a.j.JMeter: Version 5.5
2023-02-09 14:30:25,537 INFO o.a.j.JMeter: java.version=18.0.2.1
2023-02-09 14:30:25,537 INFO o.a.j.JMeter: java.vm.name=Java HotSpot(TM) 64-Bit Server VM
2023-02-09 14:30:25,537 INFO o.a.j.JMeter: os.name=Windows 10
2023-02-09 14:30:25,538 INFO o.a.j.JMeter: os.arch=amd64
2023-02-09 14:30:25,538 INFO o.a.j.JMeter: os.version=10.0
2023-02-09 14:30:25,538 INFO o.a.j.JMeter: file.encoding=UTF-8
2023-02-09 14:30:25,538 INFO o.a.j.JMeter: java.awt.headless=null
2023-02-09 14:30:25,538 INFO o.a.j.JMeter: Max memory     =1073741824
2023-02-09 14:30:25,538 INFO o.a.j.JMeter: Available Processors =4
2023-02-09 14:30:25,550 INFO o.a.j.JMeter: Default Locale=English (EN)
2023-02-09 14:30:25,551 INFO o.a.j.JMeter: JMeter  Locale=English (EN)
2023-02-09 14:30:25,551 INFO o.a.j.JMeter: JMeterHome=C:\jmeter\apache-jmeter-5.5
2023-02-09 14:30:25,551 INFO o.a.j.JMeter: user.dir  =C:\jmeter\apache-jmeter-5.5\bin
2023-02-09 14:30:25,551 INFO o.a.j.JMeter: PWD       =C:\jmeter\apache-jmeter-5.5\bin
2023-02-09 14:30:25,552 INFO o.a.j.JMeter: IP: 192.168.0.10 Name: DESKTOP-NUPIRAD FullName: DESKTOP-NUPIRAD
2023-02-09 14:30:25,572 INFO o.a.j.JMeter: Loaded icon properties from org/apache/jmeter/images/icon.properties
2023-02-09 14:30:25,737 INFO o.a.j.JMeterGuiLauncher: Setting LAF to: laf:com.sun.java.swing.plaf.windows.WindowsClassicLookAndFeel
2023-02-09 23:47:33,390 INFO o.a.j.p.h.s.HTTPSamplerBase: Parser for text/html is org.apache.jmeter.protocol.http.parser.LagartoBasedHtmlParser
2023-02-09 23:47:33,391 INFO o.a.j.p.h.s.HTTPSamplerBase: Parser for application/xhtml+xml is org.apache.jmeter.protocol.http.parser.LagartoBasedHtmlParser
2023-02-09 23:47:33,391 INFO o.a.j.p.h.s.HTTPSamplerBase: Parser for application/xml is org.apache.jmeter.protocol.http.parser.LagartoBasedHtmlParser
2023-02-09 23:47:33,391 INFO o.a.j.p.h.s.HTTPSamplerBase: Parser for text/xml is org.apache.jmeter.protocol.http.parser.LagartoBasedHtmlParser
2023-02-09 23:47:33,391 INFO o.a.j.p.h.s.HTTPSamplerBase: Parser for text/vnd.wap.wml is org.apache.jmeter.protocol.http.parser.RegexpHTMLParser
2023-02-09 23:47:33,392 INFO o.a.j.p.h.s.HTTPSamplerBase: Parser for text/css is org.apache.jmeter.protocol.http.parser.CssParser
2023-02-09 23:48:51,786 INFO o.a.j.s.SampleResult: Note: Sample TimeStamps are START times
2023-02-09 23:48:51,786 INFO o.a.j.s.SampleResult: sampleresult.default.encoding is set to ISO-8859-1
2023-02-09 23:48:51,786 INFO o.a.j.s.SampleResult: sampleresult.useNanoTime=true
2023-02-09 23:48:51,786 INFO o.a.j.s.SampleResult: sampleresult.nanoThreadSleep=5000
2023-02-09 23:48:52,045 INFO o.a.j.v.ViewResultsFullVisualizer: Add JavaFX to your Java installation if you want to use renderer: org.apache.jmeter.visualizers.RenderInBrowser
2023-02-09 23:49:05,556 INFO o.a.j.v.ViewResultsFullVisualizer: Add JavaFX to your Java installation if you want to use renderer: org.apache.jmeter.visualizers.RenderInBrowser
2023-02-09 23:49:12,028 INFO o.a.j.v.ViewResultsFullVisualizer: Add JavaFX to your Java installation if you want to use renderer: org.apache.jmeter.visualizers.RenderInBrowser
2023-02-09 23:55:32,646 INFO o.a.j.s.FileServer: Default base='C:\jmeter\apache-jmeter-5.5\bin'
2023-02-09 23:55:32,647 INFO o.a.j.s.FileServer: Set new base='C:\jmeter\apache-jmeter-5.5\bin'
2023-02-09 23:55:32,910 INFO o.a.j.s.SaveService: Testplan (JMX) version: 2.2. Testlog (JTL) version: 2.2
2023-02-09 23:55:32,958 INFO o.a.j.s.SaveService: Using SaveService properties version 5.0
2023-02-09 23:55:32,959 INFO o.a.j.s.SaveService: Using SaveService properties file encoding UTF-8
2023-02-09 23:55:42,102 INFO o.a.j.e.StandardJMeterEngine: Running the test!
2023-02-09 23:55:42,104 INFO o.a.j.s.SampleEvent: List of sample_variables: []
2023-02-09 23:55:42,104 INFO o.a.j.s.SampleEvent: List of sample_variables: []
2023-02-09 23:55:42,105 INFO o.a.j.e.u.CompoundVariable: Note: Function class names must contain the string: '.functions.'
2023-02-09 23:55:42,106 INFO o.a.j.e.u.CompoundVariable: Note: Function class names must not contain the string: '.gui.'
2023-02-09 23:55:42,154 INFO o.a.j.g.u.JMeterMenuBar: setRunning(true, *local*)
2023-02-09 23:55:42,213 INFO o.a.j.e.StandardJMeterEngine: Starting ThreadGroup: 1 : Home test Group
2023-02-09 23:55:42,214 INFO o.a.j.e.StandardJMeterEngine: Starting 1 threads for group Home test Group.
2023-02-09 23:55:42,214 INFO o.a.j.e.StandardJMeterEngine: Thread will continue on error
2023-02-09 23:55:42,214 INFO o.a.j.t.ThreadGroup: Starting thread group... number=1 threads=1 ramp-up=1 delayedStart=false
2023-02-09 23:55:42,216 INFO o.a.j.t.ThreadGroup: Started thread group number 1
2023-02-09 23:55:42,216 INFO o.a.j.e.StandardJMeterEngine: All thread groups have been started
2023-02-09 23:55:42,217 INFO o.a.j.t.JMeterThread: Thread started: Home test Group 1-1
2023-02-09 23:55:42,224 INFO o.a.j.t.JMeterThread: Thread is done: Home test Group 1-1
2023-02-09 23:55:42,224 INFO o.a.j.t.JMeterThread: Thread finished: Home test Group 1-1
2023-02-09 23:55:42,225 INFO o.a.j.e.StandardJMeterEngine: Notifying test listeners of end of test
2023-02-09 23:55:42,225 INFO o.a.j.g.u.JMeterMenuBar: setRunning(false, *local*)
2023-02-09 23:56:05,108 INFO o.a.j.e.StandardJMeterEngine: Running the test!
2023-02-09 23:56:05,109 INFO o.a.j.s.SampleEvent: List of sample_variables: []
2023-02-09 23:56:05,110 INFO o.a.j.g.u.JMeterMenuBar: setRunning(true, *local*)
2023-02-09 23:56:05,112 INFO o.a.j.e.StandardJMeterEngine: Starting ThreadGroup: 1 : Home test Group
2023-02-09 23:56:05,112 INFO o.a.j.e.StandardJMeterEngine: Starting 2 threads for group Home test Group.
2023-02-09 23:56:05,112 INFO o.a.j.e.StandardJMeterEngine: Thread will continue on error
2023-02-09 23:56:05,113 INFO o.a.j.t.ThreadGroup: Starting thread group... number=1 threads=2 ramp-up=1 delayedStart=false
2023-02-09 23:56:05,113 INFO o.a.j.t.ThreadGroup: Started thread group number 1
2023-02-09 23:56:05,113 INFO o.a.j.e.StandardJMeterEngine: All thread groups have been started
2023-02-09 23:56:05,114 INFO o.a.j.t.JMeterThread: Thread started: Home test Group 1-1
2023-02-09 23:56:05,115 INFO o.a.j.t.JMeterThread: Thread is done: Home test Group 1-1
2023-02-09 23:56:05,116 INFO o.a.j.t.JMeterThread: Thread finished: Home test Group 1-1
2023-02-09 23:56:05,629 INFO o.a.j.t.JMeterThread: Thread started: Home test Group 1-2
2023-02-09 23:56:05,633 INFO o.a.j.t.JMeterThread: Thread is done: Home test Group 1-2
2023-02-09 23:56:05,633 INFO o.a.j.t.JMeterThread: Thread finished: Home test Group 1-2
2023-02-09 23:56:05,634 INFO o.a.j.e.StandardJMeterEngine: Notifying test listeners of end of test
2023-02-09 23:56:05,634 INFO o.a.j.g.u.JMeterMenuBar: setRunning(false, *local*)
2023-02-09 23:57:10,548 INFO o.a.j.e.StandardJMeterEngine: Running the test!
2023-02-09 23:57:10,549 INFO o.a.j.s.SampleEvent: List of sample_variables: []
2023-02-09 23:57:10,550 INFO o.a.j.g.u.JMeterMenuBar: setRunning(true, *local*)
2023-02-09 23:57:10,588 INFO o.a.j.e.StandardJMeterEngine: Starting ThreadGroup: 1 : Home test Group
2023-02-09 23:57:10,588 INFO o.a.j.e.StandardJMeterEngine: Starting 2 threads for group Home test Group.
2023-02-09 23:57:10,588 INFO o.a.j.e.StandardJMeterEngine: Thread will continue on error
2023-02-09 23:57:10,588 INFO o.a.j.t.ThreadGroup: Starting thread group... number=1 threads=2 ramp-up=1 delayedStart=false
2023-02-09 23:57:10,589 INFO o.a.j.t.ThreadGroup: Started thread group number 1
2023-02-09 23:57:10,589 INFO o.a.j.e.StandardJMeterEngine: All thread groups have been started
2023-02-09 23:57:10,589 INFO o.a.j.t.JMeterThread: Thread started: Home test Group 1-1
2023-02-09 23:57:10,605 INFO o.a.j.p.h.s.HTTPHCAbstractImpl: Local host = DESKTOP-NUPIRAD
2023-02-09 23:57:10,617 INFO o.a.j.p.h.s.HTTPHC4Impl: HTTP request retry count = 0
2023-02-09 23:57:10,776 INFO o.a.j.p.h.s.h.LazyLayeredConnectionSocketFactory: Setting up HTTPS TrustAll Socket Factory
2023-02-09 23:57:10,781 INFO o.a.j.u.JsseSSLManager: Using default SSL protocol: TLS
2023-02-09 23:57:10,782 INFO o.a.j.u.JsseSSLManager: SSL session context: per-thread
2023-02-09 23:57:11,002 INFO o.a.j.u.SSLManager: JmeterKeyStore Location:  type JKS
2023-02-09 23:57:11,009 INFO o.a.j.u.SSLManager: KeyStore created OK
2023-02-09 23:57:11,009 WARN o.a.j.u.SSLManager: Keystore file not found, loading empty keystore
2023-02-09 23:57:11,095 INFO o.a.j.t.JMeterThread: Thread started: Home test Group 1-2
2023-02-09 23:57:12,655 INFO o.a.j.t.JMeterThread: Thread is done: Home test Group 1-1
2023-02-09 23:57:12,655 INFO o.a.j.t.JMeterThread: Thread finished: Home test Group 1-1
2023-02-09 23:57:12,667 INFO o.a.j.t.JMeterThread: Thread is done: Home test Group 1-2
2023-02-09 23:57:12,668 INFO o.a.j.t.JMeterThread: Thread finished: Home test Group 1-2
2023-02-09 23:57:12,669 INFO o.a.j.e.StandardJMeterEngine: Notifying test listeners of end of test
2023-02-09 23:57:12,670 INFO o.a.j.g.u.JMeterMenuBar: setRunning(false, *local*)
2023-02-09 23:59:27,184 INFO o.a.j.e.StandardJMeterEngine: Running the test!
2023-02-09 23:59:27,185 INFO o.a.j.s.SampleEvent: List of sample_variables: []
2023-02-09 23:59:27,186 INFO o.a.j.g.u.JMeterMenuBar: setRunning(true, *local*)
2023-02-09 23:59:27,226 INFO o.a.j.e.StandardJMeterEngine: Starting ThreadGroup: 1 : Home test Group
2023-02-09 23:59:27,226 INFO o.a.j.e.StandardJMeterEngine: Starting 2 threads for group Home test Group.
2023-02-09 23:59:27,226 INFO o.a.j.e.StandardJMeterEngine: Thread will continue on error
2023-02-09 23:59:27,227 INFO o.a.j.t.ThreadGroup: Starting thread group... number=1 threads=2 ramp-up=1 delayedStart=false
2023-02-09 23:59:27,228 INFO o.a.j.t.ThreadGroup: Started thread group number 1
2023-02-09 23:59:27,228 INFO o.a.j.e.StandardJMeterEngine: All thread groups have been started
2023-02-09 23:59:27,228 INFO o.a.j.t.JMeterThread: Thread started: Home test Group 1-1
2023-02-09 23:59:27,471 INFO o.a.j.t.JMeterThread: Thread is done: Home test Group 1-1
2023-02-09 23:59:27,471 INFO o.a.j.t.JMeterThread: Thread finished: Home test Group 1-1
2023-02-09 23:59:27,730 INFO o.a.j.t.JMeterThread: Thread started: Home test Group 1-2
2023-02-09 23:59:27,965 INFO o.a.j.t.JMeterThread: Thread is done: Home test Group 1-2
2023-02-09 23:59:27,966 INFO o.a.j.t.JMeterThread: Thread finished: Home test Group 1-2
2023-02-09 23:59:27,968 INFO o.a.j.e.StandardJMeterEngine: Notifying test listeners of end of test
2023-02-09 23:59:27,968 INFO o.a.j.g.u.JMeterMenuBar: setRunning(false, *local*)
2023-02-10 00:01:54,625 INFO o.a.j.e.StandardJMeterEngine: Running the test!
2023-02-10 00:01:54,626 INFO o.a.j.s.SampleEvent: List of sample_variables: []
2023-02-10 00:01:54,626 INFO o.a.j.g.u.JMeterMenuBar: setRunning(true, *local*)
2023-02-10 00:01:54,669 INFO o.a.j.e.StandardJMeterEngine: Starting ThreadGroup: 1 : Home test Group
2023-02-10 00:01:54,669 INFO o.a.j.e.StandardJMeterEngine: Starting 1 threads for group Home test Group.
2023-02-10 00:01:54,669 INFO o.a.j.e.StandardJMeterEngine: Thread will continue on error
2023-02-10 00:01:54,669 INFO o.a.j.t.ThreadGroup: Starting thread group... number=1 threads=1 ramp-up=1 delayedStart=false
2023-02-10 00:01:54,670 INFO o.a.j.t.ThreadGroup: Started thread group number 1
2023-02-10 00:01:54,670 INFO o.a.j.e.StandardJMeterEngine: All thread groups have been started
2023-02-10 00:01:54,671 INFO o.a.j.t.JMeterThread: Thread started: Home test Group 1-1
2023-02-10 00:01:54,933 INFO o.a.j.t.JMeterThread: Thread is done: Home test Group 1-1
2023-02-10 00:01:54,933 INFO o.a.j.t.JMeterThread: Thread finished: Home test Group 1-1
2023-02-10 00:01:54,935 INFO o.a.j.e.StandardJMeterEngine: Notifying test listeners of end of test
2023-02-10 00:01:54,935 INFO o.a.j.g.u.JMeterMenuBar: setRunning(false, *local*)
